 
New instance of bashtop version: 0.9.25 Pid: 6556
 
New instance of bashtop version: 0.9.25 Pid: 7900
 
New instance of bashtop version: 0.9.25 Pid: 4698
 
New instance of bashtop version: 0.9.25 Pid: 6655
 
New instance of bashtop version: 0.9.25 Pid: 29880
/usr/bin/bashtop: line 3570: echo: write error: Broken pipe
19:50:06 ERROR: On line 3570 
19:50:06 ERROR: On line 4638 
/usr/bin/bashtop: line 4671: echo: write error: Broken pipe
19:50:06 ERROR: On line 4671 
/usr/bin/bashtop: line 5317: warning: execute_coproc: coproc [29897:pycoproc] still exists
/usr/bin/bashtop: line 3570: echo: write error: Broken pipe
19:50:07 ERROR: On line 3570 
19:50:07 ERROR: On line 4638 
/usr/bin/bashtop: line 4671: echo: write error: Broken pipe
19:50:07 ERROR: On line 4671 
/usr/bin/bashtop: line 5317: warning: execute_coproc: coproc [29961:pycoproc] still exists
/usr/bin/bashtop: line 595: echo: write error: Broken pipe
/usr/bin/bashtop: line 597: echo: write error: Broken pipe
 
New instance of bashtop version: 0.9.25 Pid: 29988
/usr/bin/bashtop: line 1968: echo: write error: Broken pipe
19:50:11 ERROR: On line 1968 
19:50:11 ERROR: On line 451 
/usr/bin/bashtop: line 1968: echo: write error: Broken pipe
19:50:11 ERROR: On line 1968 (MUTED!)
19:50:11 ERROR: On line 452 
/usr/bin/bashtop: line 1968: echo: write error: Broken pipe
19:50:11 ERROR: On line 1968 (MUTED!)
19:50:11 ERROR: On line 458 
/usr/bin/bashtop: line 1968: echo: write error: Broken pipe
19:50:11 ERROR: On line 1968 (MUTED!)
19:50:11 ERROR: On line 459 
/usr/bin/bashtop: line 1968: echo: write error: Broken pipe
19:50:12 ERROR: On line 1968 (MUTED!)
19:50:12 ERROR: On line 470 
/usr/bin/bashtop: line 474: echo: write error: Broken pipe
19:50:12 ERROR: On line 474 
/usr/bin/bashtop: line 595: echo: write error: Broken pipe
stty: 'standard input': Input/output error
/usr/bin/bashtop: line 597: echo: write error: Broken pipe
 
New instance of bashtop version: 0.9.25 Pid: 30062
 
New instance of bashtop version: 0.9.25 Pid: 168139
 
New instance of bashtop version: 0.9.25 Pid: 859970
 
New instance of bashtop version: 0.9.25 Pid: 921345
 
New instance of bashtop version: 0.9.25 Pid: 3256
 
New instance of bashtop version: 0.9.25 Pid: 4024
 
New instance of bashtop version: 0.9.25 Pid: 22585
 
New instance of bashtop version: 0.9.25 Pid: 24287
 
New instance of bashtop version: 0.9.25 Pid: 59168
 
New instance of bashtop version: 0.9.25 Pid: 644141
 
New instance of bashtop version: 0.9.25 Pid: 8533
 
New instance of bashtop version: 0.9.25 Pid: 4354
 
New instance of bashtop version: 0.9.25 Pid: 75463
 
New instance of bashtop version: 0.9.25 Pid: 2493
 
New instance of bashtop version: 0.9.25 Pid: 12799
 
New instance of bashtop version: 0.9.25 Pid: 28424
/usr/bin/bashtop: line 4806: ${pycoproc[1]}: ambiguous redirect
 
New instance of bashtop version: 0.9.25 Pid: 2314
 
New instance of bashtop version: 0.9.25 Pid: 2641
 
New instance of bashtop version: 0.9.25 Pid: 3293
 
New instance of bashtop version: 0.9.25 Pid: 2992
 
New instance of bashtop version: 0.9.25 Pid: 61413
 
New instance of bashtop version: 0.9.25 Pid: 5378
 
New instance of bashtop version: 0.9.25 Pid: 3980
 
New instance of bashtop version: 0.9.25 Pid: 29460
 
New instance of bashtop version: 0.9.25 Pid: 31505
 
New instance of bashtop version: 0.9.25 Pid: 22313
 
New instance of bashtop version: 0.9.25 Pid: 32714
 
New instance of bashtop version: 0.9.25 Pid: 14304
 
New instance of bashtop version: 0.9.25 Pid: 25856
 
New instance of bashtop version: 0.9.25 Pid: 229182
 
New instance of bashtop version: 0.9.25 Pid: 5844
 
New instance of bashtop version: 0.9.25 Pid: 25887
 
New instance of bashtop version: 0.9.25 Pid: 7467
 
New instance of bashtop version: 0.9.25 Pid: 4266
 
New instance of bashtop version: 0.9.25 Pid: 24336
 
New instance of bashtop version: 0.9.25 Pid: 25326
 
New instance of bashtop version: 0.9.25 Pid: 712215
 
New instance of bashtop version: 0.9.25 Pid: 10849
 
New instance of bashtop version: 0.9.25 Pid: 4902
 
New instance of bashtop version: 0.9.25 Pid: 21228
 
New instance of bashtop version: 0.9.25 Pid: 18739
 
New instance of bashtop version: 0.9.25 Pid: 164272
 
New instance of bashtop version: 0.9.25 Pid: 221612
 
New instance of bashtop version: 0.9.25 Pid: 55418
 
New instance of bashtop version: 0.9.25 Pid: 72740
 
New instance of bashtop version: 0.9.25 Pid: 176209
 
New instance of bashtop version: 0.9.25 Pid: 63973
 
New instance of bashtop version: 0.9.25 Pid: 67844
 
New instance of bashtop version: 0.9.25 Pid: 85256
 
New instance of bashtop version: 0.9.25 Pid: 95314
 
New instance of bashtop version: 0.9.25 Pid: 105759
 
New instance of bashtop version: 0.9.25 Pid: 120113
 
New instance of bashtop version: 0.9.25 Pid: 6699
 
New instance of bashtop version: 0.9.25 Pid: 14979
 
New instance of bashtop version: 0.9.25 Pid: 4915
 
New instance of bashtop version: 0.9.25 Pid: 70746
 
New instance of bashtop version: 0.9.25 Pid: 136951
 
New instance of bashtop version: 0.9.25 Pid: 7346
 
New instance of bashtop version: 0.9.25 Pid: 58598
 
New instance of bashtop version: 0.9.25 Pid: 82292
 
New instance of bashtop version: 0.9.25 Pid: 176779
 
New instance of bashtop version: 0.9.25 Pid: 234945
 
New instance of bashtop version: 0.9.25 Pid: 234945
 
New instance of bashtop version: 0.9.25 Pid: 234945
 
New instance of bashtop version: 0.9.25 Pid: 392772
 
New instance of bashtop version: 0.9.25 Pid: 134361
 
New instance of bashtop version: 0.9.25 Pid: 22325
 
New instance of bashtop version: 0.9.25 Pid: 4148
 
New instance of bashtop version: 0.9.25 Pid: 2731
 
New instance of bashtop version: 0.9.25 Pid: 14619
 
New instance of bashtop version: 0.9.25 Pid: 9272
 
New instance of bashtop version: 0.9.25 Pid: 11475
 
New instance of bashtop version: 0.9.25 Pid: 1261355
 
New instance of bashtop version: 0.9.25 Pid: 663482
 
New instance of bashtop version: 0.9.25 Pid: 664391
 
New instance of bashtop version: 0.9.25 Pid: 664758
 
New instance of bashtop version: 0.9.25 Pid: 2297
/usr/bin/bashtop: line 2411: /proc/28122/stat: No such file or directory
 
New instance of bashtop version: 0.9.25 Pid: 85127
 
New instance of bashtop version: 0.9.25 Pid: 86940
 
New instance of bashtop version: 0.9.25 Pid: 87062
 
New instance of bashtop version: 0.9.25 Pid: 87181
 
New instance of bashtop version: 0.9.25 Pid: 87498
 
New instance of bashtop version: 0.9.25 Pid: 87791
 
New instance of bashtop version: 0.9.25 Pid: 88140
 
New instance of bashtop version: 0.9.25 Pid: 89334
 
New instance of bashtop version: 0.9.25 Pid: 89967
 
New instance of bashtop version: 0.9.25 Pid: 2621
 
New instance of bashtop version: 0.9.25 Pid: 1469937
 
New instance of bashtop version: 0.9.25 Pid: 1228338
 
New instance of bashtop version: 0.9.25 Pid: 1237365
 
New instance of bashtop version: 0.9.25 Pid: 1913
 
New instance of bashtop version: 0.9.25 Pid: 27155
 
New instance of bashtop version: 0.9.25 Pid: 18418
 
New instance of bashtop version: 0.9.25 Pid: 18645
 
New instance of bashtop version: 0.9.25 Pid: 5556
 
New instance of bashtop version: 0.9.25 Pid: 1620
 
New instance of bashtop version: 0.9.25 Pid: 5109
 
New instance of bashtop version: 0.9.25 Pid: 47641
 
New instance of bashtop version: 0.9.25 Pid: 10110
 
New instance of bashtop version: 0.9.25 Pid: 5487
 
New instance of bashtop version: 0.9.25 Pid: 5720
 
New instance of bashtop version: 0.9.25 Pid: 7207
 
New instance of bashtop version: 0.9.25 Pid: 55801
 
New instance of bashtop version: 0.9.25 Pid: 6269
 
New instance of bashtop version: 0.9.25 Pid: 65019
 
New instance of bashtop version: 0.9.25 Pid: 67771
 
New instance of bashtop version: 0.9.25 Pid: 12883
 
New instance of bashtop version: 0.9.25 Pid: 108149
